<?xml version="1.0" encoding="UTF-8"?>
<!-- Generated by org.testng.reporters.JUnitReportReporter -->
<testsuite hostname="DESKTOP-LU8C54V" failures="0" tests="1" name="test" time="25.510" errors="0" timestamp="25 Dec 2022 05:47:15 GMT">
  <testcase classname="test" name="testdata" time="25.510"/>
</testsuite> <!-- test -->
