<?xml version="1.0" encoding="UTF-8"?>
<!-- Generated by org.testng.reporters.JUnitReportReporter -->
<testsuite hostname="DESKTOP-LU8C54V" failures="0" tests="1" name="testcase.menu_005" time="31.699" errors="0" timestamp="26 Dec 2022 06:30:29 GMT">
  <testcase classname="testcase.menu_005" name="menu" time="31.699"/>
</testsuite> <!-- testcase.menu_005 -->
