<?xml version="1.0" encoding="UTF-8"?>
<!-- Generated by org.testng.reporters.JUnitReportReporter -->
<testsuite hostname="DESKTOP-LU8C54V" failures="0" tests="1" name="Jala_base.base" time="10.787" errors="0" timestamp="22 Dec 2022 18:30:23 GMT">
  <testcase classname="Jala_base.base" name="browser" time="10.787"/>
</testsuite> <!-- Jala_base.base -->
