<?xml version="1.0" encoding="UTF-8"?>
<!-- Generated by org.testng.reporters.JUnitReportReporter -->
<testsuite hostname="DESKTOP-LU8C54V" failures="0" tests="1" name="testcase.iFrame_013" time="24.192" errors="0" timestamp="29 Dec 2022 20:37:28 GMT">
  <testcase classname="testcase.iFrame_013" name="iframe" time="24.192"/>
</testsuite> <!-- testcase.iFrame_013 -->
